<?xml version="1.0" encoding="UTF-8"?>
<!-- Generated by org.testng.reporters.JUnitXMLReporter -->
<testsuite ignored="1" hostname="LAPTOP-09JIFLKR" failures="2" tests="6" name="Command line test" time="1.027" errors="0" timestamp="2022-08-02T03:07:02 AST">
  <testcase classname="testcases.PetStoreAPI_PetTest" name="addNewPetToStore" time="0.587"/>
  <testcase classname="testcases.PetStoreAPI_PetTest" name="deletePetFromStore" time="0.0">
    <failure type="org.testng.TestNGException" message="
Parameter &amp;apos;petId&amp;apos; is required by @Test on method deletePetFromStore but has not been marked @Optional or defined
">
      <![CDATA[org.testng.TestNGException: 
Parameter 'petId' is required by @Test on method deletePetFromStore but has not been marked @Optional or defined

at java.base/java.util.ArrayList.forEach(ArrayList.java:1511)
... Removed 36 stack frames]]>
    </failure>
  </testcase> <!-- deletePetFromStore -->
  <testcase classname="testcases.PetStoreAPI_PetTest" name="findPetsByAnyStatus" time="0.029"/>
  <testcase classname="testcases.PetStoreAPI_PetTest" name="findPetsByAnyStatus" time="0.011"/>
  <testcase classname="testcases.PetStoreAPI_PetTest" name="findPetsByAnyStatus" time="0.012"/>
  <testcase classname="testcases.PetStoreAPI_PetTest" name="tryToSearchPetByInvalidStatus" time="0.0">
    <failure type="org.testng.TestNGException" message="
Parameter &amp;apos;invalidStatus&amp;apos; is required by @Test on method tryToSearchPetByInvalidStatus but has not been marked @Optional or defined
">
      <![CDATA[org.testng.TestNGException: 
Parameter 'invalidStatus' is required by @Test on method tryToSearchPetByInvalidStatus but has not been marked @Optional or defined

at java.base/java.util.ArrayList.forEach(ArrayList.java:1511)
... Removed 36 stack frames]]>
    </failure>
  </testcase> <!-- tryToSearchPetByInvalidStatus -->
  <testcase classname="testcases.BaseTest" name="@BeforeTest setUp" time="0.0">
    <ignored/>
  </testcase> <!-- @BeforeTest setUp -->
</testsuite> <!-- Command line test -->
